<?xml version="1.0" encoding="UTF-8"?>
<testng-results skipped="0" failed="0" ignored="0" total="1" passed="1">
  <reporter-output>
  </reporter-output>
  <suite name="Default suite" duration-ms="51164" started-at="2020-05-05T00:16:15 IST" finished-at="2020-05-05T00:17:06 IST">
    <groups>
    </groups>
    <test name="Default test" duration-ms="51164" started-at="2020-05-05T00:16:15 IST" finished-at="2020-05-05T00:17:06 IST">
      <class name="test.TestClass">
        <test-method status="PASS" signature="setBaseUrl()[pri:0, instance:test.TestClass@7fac631b]" name="setBaseUrl" is-config="true" duration-ms="41908" started-at="2020-05-05T00:16:15 IST" finished-at="2020-05-05T00:16:57 IST">
          <reporter-output>
          </reporter-output>
        </test-method> <!-- setBaseUrl -->
        <test-method status="PASS" signature="verifyHomePage()[pri:0, instance:test.TestClass@7fac631b]" name="verifyHomePage" duration-ms="87" started-at="2020-05-05T00:16:57 IST" finished-at="2020-05-05T00:16:57 IST">
          <reporter-output>
          </reporter-output>
        </test-method> <!-- verifyHomePage -->
        <test-method status="PASS" signature="tearDown()[pri:0, instance:test.TestClass@7fac631b]" name="tearDown" is-config="true" duration-ms="9037" started-at="2020-05-05T00:16:57 IST" finished-at="2020-05-05T00:17:06 IST">
          <reporter-output>
          </reporter-output>
        </test-method> <!-- tearDown -->
      </class> <!-- test.TestClass -->
    </test> <!-- Default test -->
  </suite> <!-- Default suite -->
</testng-results>
